PyCIFRW
STAR
ase
cif2cif
cif_linguist ERROR
ciftools-java
cifxom ERROR
codtools ERROR
codtools-fix WARNING
crystcif-parse
gemmi ERROR
open-babel
pymatgen
vcif WARNING
zinc
PyCIFRW
STAR
ase
cif2cif
cif_linguist ERROR
ciftools-java
cifxom ERROR
codtools ERROR
codtools-fix WARNING
crystcif-parse
gemmi ERROR
open-babel
pymatgen
vcif WARNING
zinc
PyCIFRW
STAR
ase
cif2cif
cif_linguist ERROR
ciftools-java
cifxom ERROR
codtools ERROR
codtools-fix WARNING
crystcif-parse
gemmi ERROR
open-babel
pymatgen
vcif WARNING
zinc
