PyCIFRW
STAR
ase ERROR
cif2cif
cif_linguist ERROR
ciftools-java ERROR
cifxom ERROR
codtools
codtools-fix
crystcif-parse
gemmi ERROR
open-babel
pymatgen
vcif ERROR
zinc ERROR
PyCIFRW
STAR
ase ERROR
cif2cif
cif_linguist ERROR
ciftools-java ERROR
cifxom ERROR
codtools
codtools-fix
crystcif-parse
gemmi ERROR
open-babel
pymatgen
vcif ERROR
zinc ERROR
PyCIFRW
STAR
ase ERROR
cif2cif
cif_linguist ERROR
ciftools-java ERROR
cifxom ERROR
codtools
codtools-fix
crystcif-parse
gemmi ERROR
open-babel
pymatgen
vcif ERROR
zinc ERROR
