PyCIFRW ERROR
STAR
ase ERROR
cif2cif ERROR
cif_linguist ERROR
ciftools-java
cifxom ERROR
codtools ERROR
codtools-fix ERROR
crystcif-parse ERROR
gemmi ERROR
open-babel
pymatgen
vcif
zinc
PyCIFRW ERROR
STAR
ase ERROR
cif2cif ERROR
cif_linguist ERROR
ciftools-java
cifxom ERROR
codtools ERROR
codtools-fix ERROR
crystcif-parse ERROR
gemmi ERROR
open-babel
pymatgen
vcif
zinc
PyCIFRW ERROR
STAR
ase ERROR
cif2cif ERROR
cif_linguist ERROR
ciftools-java
cifxom ERROR
codtools ERROR
codtools-fix ERROR
crystcif-parse ERROR
gemmi ERROR
open-babel
pymatgen
vcif
zinc
